[debug] [2023-06-10T21:11:13.061Z] ----------------------------------------------------------------------
[debug] [2023-06-10T21:11:13.063Z] Command:       E:\Tools\Nodejs\node.exe C:\Users\serwu\AppData\Roaming\npm\node_modules\firebase-tools\lib\bin\firebase.js init
[debug] [2023-06-10T21:11:13.063Z] CLI Version:   12.3.1
[debug] [2023-06-10T21:11:13.063Z] Platform:      win32
[debug] [2023-06-10T21:11:13.064Z] Node Version:  v18.15.0
[debug] [2023-06-10T21:11:13.064Z] Time:          Sat Jun 10 2023 23:11:13 GMT+0200 (czas środkowoeuropejski letni)
[debug] [2023-06-10T21:11:13.065Z] ----------------------------------------------------------------------
[debug] 
[debug] [2023-06-10T21:11:13.075Z] > command requires scopes: ["email","openid","https://www.googleapis.com/auth/cloudplatformprojects.readonly","https://www.googleapis.com/auth/firebase","https://www.googleapis.com/auth/cloud-platform"]
[debug] [2023-06-10T21:11:13.075Z] > authorizing via signed-in user (serwus701@gmail.com)
[info] 
     ######## #### ########  ######## ########     ###     ######  ########
     ##        ##  ##     ## ##       ##     ##  ##   ##  ##       ##
     ######    ##  ########  ######   ########  #########  ######  ######
     ##        ##  ##    ##  ##       ##     ## ##     ##       ## ##
     ##       #### ##     ## ######## ########  ##     ##  ######  ########

You're about to initialize a Firebase project in this directory:

  E:\Code\Studia\Piw_o\Lab3\rental-app

[info] 
=== Project Setup
[info] 
[info] First, let's associate this project directory with a Firebase project.
[info] You can create multiple project aliases by running firebase use --add, 
[info] but for now we'll just set up a default project.
[info] 
[debug] [2023-06-10T21:11:26.920Z] >>> [apiv2][query] GET https://firebase.googleapis.com/v1beta1/projects pageSize=100
[debug] [2023-06-10T21:11:27.512Z] <<< [apiv2][status] GET https://firebase.googleapis.com/v1beta1/projects 200
[debug] [2023-06-10T21:11:27.513Z] <<< [apiv2][body] GET https://firebase.googleapis.com/v1beta1/projects [omitted]
[info] i  Using project rental-app-3d2a5 (rental-app) 
[info] 
=== Database Setup
[info] i  database: ensuring required API firebasedatabase.googleapis.com is enabled... 
[debug] [2023-06-10T21:11:28.840Z] >>> [apiv2][query] GET https://serviceusage.googleapis.com/v1/projects/rental-app-3d2a5/services/firebasedatabase.googleapis.com [none]
[debug] [2023-06-10T21:11:28.840Z] >>> [apiv2][(partial)header] GET https://serviceusage.googleapis.com/v1/projects/rental-app-3d2a5/services/firebasedatabase.googleapis.com x-goog-quota-user=projects/rental-app-3d2a5
[debug] [2023-06-10T21:11:29.884Z] <<< [apiv2][status] GET https://serviceusage.googleapis.com/v1/projects/rental-app-3d2a5/services/firebasedatabase.googleapis.com 200
[debug] [2023-06-10T21:11:29.885Z] <<< [apiv2][body] GET https://serviceusage.googleapis.com/v1/projects/rental-app-3d2a5/services/firebasedatabase.googleapis.com [omitted]
[info] +  database: required API firebasedatabase.googleapis.com is enabled 
[info] 
[debug] [2023-06-10T21:11:29.889Z] >>> [apiv2][query] GET https://firebasedatabase.googleapis.com/v1beta/projects/rental-app-3d2a5/locations/-/instances/rental-app-3d2a5-default-rtdb [none]
[debug] [2023-06-10T21:11:30.182Z] <<< [apiv2][status] GET https://firebasedatabase.googleapis.com/v1beta/projects/rental-app-3d2a5/locations/-/instances/rental-app-3d2a5-default-rtdb 200
[debug] [2023-06-10T21:11:30.182Z] <<< [apiv2][body] GET https://firebasedatabase.googleapis.com/v1beta/projects/rental-app-3d2a5/locations/-/instances/rental-app-3d2a5-default-rtdb {"name":"projects/14873353438/locations/europe-west1/instances/rental-app-3d2a5-default-rtdb","project":"projects/14873353438","databaseUrl":"https://rental-app-3d2a5-default-rtdb.europe-west1.firebasedatabase.app","type":"DEFAULT_DATABASE","state":"ACTIVE"}
[info] 
[info] Firebase Realtime Database Security Rules allow you to define how your data should be
[info] structured and when your data can be read from and written to.
[info] 
[debug] [2023-06-10T21:11:33.555Z] >>> [apiv2][query] GET https://rental-app-3d2a5-default-rtdb.europe-west1.firebasedatabase.app/.settings/rules.json [none]
[debug] [2023-06-10T21:11:33.668Z] <<< [apiv2][status] GET https://rental-app-3d2a5-default-rtdb.europe-west1.firebasedatabase.app/.settings/rules.json 200
[debug] [2023-06-10T21:11:33.669Z] <<< [apiv2][body] GET https://rental-app-3d2a5-default-rtdb.europe-west1.firebasedatabase.app/.settings/rules.json [stream]
[info] +  Database Rules for rental-app-3d2a5-default-rtdb have been written to database.rules.json. 
[info] Future modifications to database.rules.json will update Realtime Database Security Rules when you run
[info] firebase deploy.
[info] 
=== Firestore Setup
[debug] [2023-06-10T21:11:33.676Z] >>> [apiv2][query] GET https://serviceusage.googleapis.com/v1/projects/rental-app-3d2a5/services/firestore.googleapis.com [none]
[debug] [2023-06-10T21:11:33.676Z] >>> [apiv2][(partial)header] GET https://serviceusage.googleapis.com/v1/projects/rental-app-3d2a5/services/firestore.googleapis.com x-goog-quota-user=projects/rental-app-3d2a5
[debug] [2023-06-10T21:11:34.697Z] <<< [apiv2][status] GET https://serviceusage.googleapis.com/v1/projects/rental-app-3d2a5/services/firestore.googleapis.com 200
[debug] [2023-06-10T21:11:34.697Z] <<< [apiv2][body] GET https://serviceusage.googleapis.com/v1/projects/rental-app-3d2a5/services/firestore.googleapis.com [omitted]
[debug] [2023-06-10T21:11:34.698Z] >>> [apiv2][query] GET https://firestore.googleapis.com/v1/projects/rental-app-3d2a5/databases/(default) [none]
[debug] [2023-06-10T21:11:34.963Z] <<< [apiv2][status] GET https://firestore.googleapis.com/v1/projects/rental-app-3d2a5/databases/(default) 200
[debug] [2023-06-10T21:11:34.964Z] <<< [apiv2][body] GET https://firestore.googleapis.com/v1/projects/rental-app-3d2a5/databases/(default) {"name":"projects/rental-app-3d2a5/databases/(default)","uid":"d668c79a-57ad-4248-91dd-1fa377a18f41","createTime":"2023-06-10T21:07:52.519300Z","updateTime":"2023-06-10T21:07:52.519300Z","locationId":"eur3","type":"FIRESTORE_NATIVE","concurrencyMode":"PESSIMISTIC","versionRetentionPeriod":"3600s","earliestVersionTime":"2023-06-10T21:07:52.519300Z","appEngineIntegrationMode":"DISABLED","keyPrefix":"e","deleteProtectionState":"DELETE_PROTECTION_DISABLED","etag":"IMOms/LOuf8CMOme26LOuf8C"}
[debug] [2023-06-10T21:11:34.964Z] database_type: FIRESTORE_NATIVE
[debug] [2023-06-10T21:11:34.965Z] > command requires scopes: ["email","openid","https://www.googleapis.com/auth/cloudplatformprojects.readonly","https://www.googleapis.com/auth/firebase","https://www.googleapis.com/auth/cloud-platform"]
[debug] [2023-06-10T21:11:34.966Z] > authorizing via signed-in user (serwus701@gmail.com)
[debug] [2023-06-10T21:11:34.966Z] [iam] checking project rental-app-3d2a5 for permissions ["firebase.projects.get"]
[debug] [2023-06-10T21:11:34.968Z] >>> [apiv2][query] POST https://cloudresourcemanager.googleapis.com/v1/projects/rental-app-3d2a5:testIamPermissions [none]
[debug] [2023-06-10T21:11:34.969Z] >>> [apiv2][(partial)header] POST https://cloudresourcemanager.googleapis.com/v1/projects/rental-app-3d2a5:testIamPermissions x-goog-quota-user=projects/rental-app-3d2a5
[debug] [2023-06-10T21:11:34.969Z] >>> [apiv2][body] POST https://cloudresourcemanager.googleapis.com/v1/projects/rental-app-3d2a5:testIamPermissions {"permissions":["firebase.projects.get"]}
[debug] [2023-06-10T21:11:35.800Z] <<< [apiv2][status] POST https://cloudresourcemanager.googleapis.com/v1/projects/rental-app-3d2a5:testIamPermissions 200
[debug] [2023-06-10T21:11:35.800Z] <<< [apiv2][body] POST https://cloudresourcemanager.googleapis.com/v1/projects/rental-app-3d2a5:testIamPermissions {"permissions":["firebase.projects.get"]}
[info] 
[info] Firestore Security Rules allow you to define how and when to allow
[info] requests. You can keep these rules in your project directory
[info] and publish them with firebase deploy.
[info] 
[debug] [2023-06-10T21:11:37.919Z] >>> [apiv2][query] GET https://firebaserules.googleapis.com/v1/projects/rental-app-3d2a5/releases pageSize=10&pageToken=
[debug] [2023-06-10T21:11:38.790Z] <<< [apiv2][status] GET https://firebaserules.googleapis.com/v1/projects/rental-app-3d2a5/releases 200
[debug] [2023-06-10T21:11:38.791Z] <<< [apiv2][body] GET https://firebaserules.googleapis.com/v1/projects/rental-app-3d2a5/releases {"releases":[{"name":"projects/rental-app-3d2a5/releases/cloud.firestore","rulesetName":"projects/rental-app-3d2a5/rulesets/6f839051-6310-4192-ac83-f1cd474975aa","createTime":"2023-06-10T21:07:56.860838Z","updateTime":"2023-06-10T21:07:56.860838Z"}]}
[debug] [2023-06-10T21:11:38.791Z] Found ruleset: projects/rental-app-3d2a5/rulesets/6f839051-6310-4192-ac83-f1cd474975aa
[debug] [2023-06-10T21:11:38.793Z] >>> [apiv2][query] GET https://firebaserules.googleapis.com/v1/projects/rental-app-3d2a5/rulesets/6f839051-6310-4192-ac83-f1cd474975aa [none]
[debug] [2023-06-10T21:11:39.631Z] <<< [apiv2][status] GET https://firebaserules.googleapis.com/v1/projects/rental-app-3d2a5/rulesets/6f839051-6310-4192-ac83-f1cd474975aa 200
[debug] [2023-06-10T21:11:39.631Z] <<< [apiv2][body] GET https://firebaserules.googleapis.com/v1/projects/rental-app-3d2a5/rulesets/6f839051-6310-4192-ac83-f1cd474975aa [omitted]
[info] 
[info] Firestore indexes allow you to perform complex queries while
[info] maintaining performance that scales with the size of the result
[info] set. You can keep index definitions in your project directory
[info] and publish them with firebase deploy.
[info] 
[debug] [2023-06-10T21:11:41.208Z] >>> [apiv2][query] GET https://firestore.googleapis.com/v1/projects/rental-app-3d2a5/databases/(default)/collectionGroups/-/indexes [none]
[debug] [2023-06-10T21:11:41.209Z] >>> [apiv2][query] GET https://firestore.googleapis.com/v1/projects/rental-app-3d2a5/databases/(default)/collectionGroups/-/fields?filter=indexConfig.usesAncestorConfig=false OR ttlConfig:* [none]
[debug] [2023-06-10T21:11:41.459Z] <<< [apiv2][status] GET https://firestore.googleapis.com/v1/projects/rental-app-3d2a5/databases/(default)/collectionGroups/-/indexes 200
[debug] [2023-06-10T21:11:41.460Z] <<< [apiv2][body] GET https://firestore.googleapis.com/v1/projects/rental-app-3d2a5/databases/(default)/collectionGroups/-/indexes {}
[debug] [2023-06-10T21:11:41.461Z] <<< [apiv2][status] GET https://firestore.googleapis.com/v1/projects/rental-app-3d2a5/databases/(default)/collectionGroups/-/fields?filter=indexConfig.usesAncestorConfig=false OR ttlConfig:* 200
[debug] [2023-06-10T21:11:41.461Z] <<< [apiv2][body] GET https://firestore.googleapis.com/v1/projects/rental-app-3d2a5/databases/(default)/collectionGroups/-/fields?filter=indexConfig.usesAncestorConfig=false OR ttlConfig:* {"fields":[{"name":"projects/rental-app-3d2a5/databases/(default)/collectionGroups/__default__/fields/*","indexConfig":{"indexes":[{"queryScope":"COLLECTION","fields":[{"fieldPath":"*","order":"ASCENDING"}],"state":"READY"},{"queryScope":"COLLECTION","fields":[{"fieldPath":"*","order":"DESCENDING"}],"state":"READY"},{"queryScope":"COLLECTION","fields":[{"fieldPath":"*","arrayConfig":"CONTAINS"}],"state":"READY"}]}}]}
[info] 
=== Functions Setup
[debug] [2023-06-10T21:11:41.468Z] > command requires scopes: ["email","openid","https://www.googleapis.com/auth/cloudplatformprojects.readonly","https://www.googleapis.com/auth/firebase","https://www.googleapis.com/auth/cloud-platform"]
[debug] [2023-06-10T21:11:41.468Z] > authorizing via signed-in user (serwus701@gmail.com)
[debug] [2023-06-10T21:11:41.469Z] [iam] checking project rental-app-3d2a5 for permissions ["firebase.projects.get"]
[debug] [2023-06-10T21:11:41.469Z] >>> [apiv2][query] POST https://cloudresourcemanager.googleapis.com/v1/projects/rental-app-3d2a5:testIamPermissions [none]
[debug] [2023-06-10T21:11:41.469Z] >>> [apiv2][(partial)header] POST https://cloudresourcemanager.googleapis.com/v1/projects/rental-app-3d2a5:testIamPermissions x-goog-quota-user=projects/rental-app-3d2a5
[debug] [2023-06-10T21:11:41.469Z] >>> [apiv2][body] POST https://cloudresourcemanager.googleapis.com/v1/projects/rental-app-3d2a5:testIamPermissions {"permissions":["firebase.projects.get"]}
[debug] [2023-06-10T21:11:42.259Z] <<< [apiv2][status] POST https://cloudresourcemanager.googleapis.com/v1/projects/rental-app-3d2a5:testIamPermissions 200
[debug] [2023-06-10T21:11:42.259Z] <<< [apiv2][body] POST https://cloudresourcemanager.googleapis.com/v1/projects/rental-app-3d2a5:testIamPermissions {"permissions":["firebase.projects.get"]}
[debug] [2023-06-10T21:11:42.260Z] >>> [apiv2][query] GET https://serviceusage.googleapis.com/v1/projects/rental-app-3d2a5/services/cloudfunctions.googleapis.com [none]
[debug] [2023-06-10T21:11:42.260Z] >>> [apiv2][(partial)header] GET https://serviceusage.googleapis.com/v1/projects/rental-app-3d2a5/services/cloudfunctions.googleapis.com x-goog-quota-user=projects/rental-app-3d2a5
[debug] [2023-06-10T21:11:42.264Z] >>> [apiv2][query] GET https://serviceusage.googleapis.com/v1/projects/rental-app-3d2a5/services/runtimeconfig.googleapis.com [none]
[debug] [2023-06-10T21:11:42.264Z] >>> [apiv2][(partial)header] GET https://serviceusage.googleapis.com/v1/projects/rental-app-3d2a5/services/runtimeconfig.googleapis.com x-goog-quota-user=projects/rental-app-3d2a5
[debug] [2023-06-10T21:11:43.238Z] <<< [apiv2][status] GET https://serviceusage.googleapis.com/v1/projects/rental-app-3d2a5/services/runtimeconfig.googleapis.com 200
[debug] [2023-06-10T21:11:43.239Z] <<< [apiv2][body] GET https://serviceusage.googleapis.com/v1/projects/rental-app-3d2a5/services/runtimeconfig.googleapis.com [omitted]
[debug] [2023-06-10T21:11:43.241Z] <<< [apiv2][status] GET https://serviceusage.googleapis.com/v1/projects/rental-app-3d2a5/services/cloudfunctions.googleapis.com 200
[debug] [2023-06-10T21:11:43.241Z] <<< [apiv2][body] GET https://serviceusage.googleapis.com/v1/projects/rental-app-3d2a5/services/cloudfunctions.googleapis.com [omitted]
[debug] [2023-06-10T21:11:43.243Z] >>> [apiv2][query] POST https://serviceusage.googleapis.com/v1/projects/rental-app-3d2a5/services/cloudfunctions.googleapis.com:enable [none]
[debug] [2023-06-10T21:11:43.245Z] >>> [apiv2][(partial)header] POST https://serviceusage.googleapis.com/v1/projects/rental-app-3d2a5/services/cloudfunctions.googleapis.com:enable x-goog-quota-user=projects/rental-app-3d2a5
[debug] [2023-06-10T21:11:45.168Z] <<< [apiv2][status] POST https://serviceusage.googleapis.com/v1/projects/rental-app-3d2a5/services/cloudfunctions.googleapis.com:enable 200
[debug] [2023-06-10T21:11:45.169Z] <<< [apiv2][body] POST https://serviceusage.googleapis.com/v1/projects/rental-app-3d2a5/services/cloudfunctions.googleapis.com:enable [omitted]
[debug] [2023-06-10T21:11:55.174Z] >>> [apiv2][query] GET https://serviceusage.googleapis.com/v1/projects/rental-app-3d2a5/services/cloudfunctions.googleapis.com [none]
[debug] [2023-06-10T21:11:55.174Z] >>> [apiv2][(partial)header] GET https://serviceusage.googleapis.com/v1/projects/rental-app-3d2a5/services/cloudfunctions.googleapis.com x-goog-quota-user=projects/rental-app-3d2a5
[debug] [2023-06-10T21:11:56.202Z] <<< [apiv2][status] GET https://serviceusage.googleapis.com/v1/projects/rental-app-3d2a5/services/cloudfunctions.googleapis.com 200
[debug] [2023-06-10T21:11:56.203Z] <<< [apiv2][body] GET https://serviceusage.googleapis.com/v1/projects/rental-app-3d2a5/services/cloudfunctions.googleapis.com [omitted]
[info] Let's create a new codebase for your functions.
[info] A directory corresponding to the codebase will be created in your project
[info] with sample code pre-configured.

[info] See https://firebase.google.com/docs/functions/organize-functions for
[info] more information on organizing your functions using codebases.

[info] Functions can be deployed with firebase deploy.

[info] +  Wrote functions/package.json 
[info] +  Wrote functions/.eslintrc.js 
[info] +  Wrote functions/index.js 
[info] +  Wrote functions/.gitignore 
[info] 
=== Hosting Setup
[info] 
[info] Your public directory is the folder (relative to your project directory) that
[info] will contain Hosting assets to be uploaded with firebase deploy. If you
[info] have a build process for your assets, use your build's output directory.
[info] 
[debug] [2023-06-10T21:13:08.750Z] >>> [apiv2][query] GET https://www.gstatic.com/firebasejs/releases.json [none]
[debug] [2023-06-10T21:13:08.813Z] <<< [apiv2][status] GET https://www.gstatic.com/firebasejs/releases.json 200
[debug] [2023-06-10T21:13:08.813Z] <<< [apiv2][body] GET https://www.gstatic.com/firebasejs/releases.json {"current":{"version":"9.22.2","browserURL":"https://www.gstatic.com/firebasejs/9.22.2/firebase.js","packageURL":"https://www.gstatic.com/firebasejs/9.22.2/firebase.tgz"},"live":{"version":"9.22","browserURL":"https://www.gstatic.com/firebasejs/live/9.22/firebase.js","packageURL":"https://www.gstatic.com/firebasejs/live/9.22/firebase.tgz"},"components":{"analytics":"https://www.gstatic.com/firebasejs/9.22.2/firebase-analytics.js","app":"https://www.gstatic.com/firebasejs/9.22.2/firebase-app.js","app-check":"https://www.gstatic.com/firebasejs/9.22.2/firebase-app-check.js","auth":"https://www.gstatic.com/firebasejs/9.22.2/firebase-auth.js","auth/cordova":"https://www.gstatic.com/firebasejs/9.22.2/firebase-auth/cordova.js","auth/react-native":"https://www.gstatic.com/firebasejs/9.22.2/firebase-auth/react-native.js","functions":"https://www.gstatic.com/firebasejs/9.22.2/firebase-functions.js","firestore":"https://www.gstatic.com/firebasejs/9.22.2/firebase-firestore.js","firestore/lite":"https://www.gstatic.com/firebasejs/9.22.2/firebase-firestore/lite.js","installations":"https://www.gstatic.com/firebasejs/9.22.2/firebase-installations.js","storage":"https://www.gstatic.com/firebasejs/9.22.2/firebase-storage.js","performance":"https://www.gstatic.com/firebasejs/9.22.2/firebase-performance.js","remote-config":"https://www.gstatic.com/firebasejs/9.22.2/firebase-remote-config.js","messaging":"https://www.gstatic.com/firebasejs/9.22.2/firebase-messaging.js","messaging/sw":"https://www.gstatic.com/firebasejs/9.22.2/firebase-messaging/sw.js","database":"https://www.gstatic.com/firebasejs/9.22.2/firebase-database.js","firestore.memory":"https://www.gstatic.com/firebasejs/9.22.2/firebase-firestore.memory.js"}}
[info] +  Wrote public/index.html 
[info] 
[info] i  Detected a .git folder at E:\Code\Studia\Piw_o 
[info] i  Authorizing with GitHub to upload your service account to a GitHub repository's secrets store. 
[info] 
[info] Visit this URL on this device to log in:
[info] https://github.com/login/oauth/authorize?client_id=89cf50f02ac6aaed3484&state=198860031&redirect_uri=http%3A%2F%2Flocalhost%3A9005&scope=read%3Auser%20repo%20public_repo
[info] 
[info] Waiting for authentication...
[debug] [2023-06-10T21:13:19.282Z] >>> [apiv2][query] POST https://github.com/login/oauth/access_token [none]
[debug] [2023-06-10T21:13:19.282Z] >>> [apiv2][body] POST https://github.com/login/oauth/access_token [stream]
[debug] [2023-06-10T21:13:19.532Z] <<< [apiv2][status] POST https://github.com/login/oauth/access_token 200
[debug] [2023-06-10T21:13:19.532Z] <<< [apiv2][body] POST https://github.com/login/oauth/access_token {"access_token":"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","token_type":"bearer","scope":"read:user,repo"}
[debug] [2023-06-10T21:13:19.546Z] >>> [apiv2][query] GET https://api.github.com/user [none]
[debug] [2023-06-10T21:13:20.865Z] <<< [apiv2][status] GET https://api.github.com/user 200
[debug] [2023-06-10T21:13:20.865Z] <<< [apiv2][body] GET https://api.github.com/user {"login":"serwus701","id":75280214,"node_id":"MDQ6VXNlcjc1MjgwMjE0","avatar_url":"https://avatars.githubusercontent.com/u/75280214?v=4","gravatar_id":"","url":"https://api.github.com/users/serwus701","html_url":"https://github.com/serwus701","followers_url":"https://api.github.com/users/serwus701/followers","following_url":"https://api.github.com/users/serwus701/following{/other_user}","gists_url":"https://api.github.com/users/serwus701/gists{/gist_id}","starred_url":"https://api.github.com/users/serwus701/starred{/owner}{/repo}","subscriptions_url":"https://api.github.com/users/serwus701/subscriptions","organizations_url":"https://api.github.com/users/serwus701/orgs","repos_url":"https://api.github.com/users/serwus701/repos","events_url":"https://api.github.com/users/serwus701/events{/privacy}","received_events_url":"https://api.github.com/users/serwus701/received_events","type":"User","site_admin":false,"name":"Michał Malewicz","company":"Volvo","blog":"","location":"Wrocław","email":null,"hireable":null,"bio":"IT student at Politechnika Wrocławska\r\nCurrently employed in Volvo","twitter_username":null,"public_repos":13,"public_gists":0,"followers":8,"following":14,"created_at":"2020-11-30T21:46:07Z","updated_at":"2023-05-29T10:41:05Z","private_gists":1,"total_private_repos":12,"owned_private_repos":12,"disk_usage":507706,"collaborators":5,"two_factor_authentication":true,"plan":{"name":"pro","space":976562499,"collaborators":0,"private_repos":9999}}
[info] 
[info] +  Success! Logged into GitHub as serwus701 
[info] 
[debug] [2023-06-10T21:13:33.453Z] >>> [apiv2][query] GET https://api.github.com/repos//actions/secrets/public-key type=owner
[debug] [2023-06-10T21:13:33.645Z] <<< [apiv2][status] GET https://api.github.com/repos//actions/secrets/public-key 404
[debug] [2023-06-10T21:13:33.646Z] <<< [apiv2][body] GET https://api.github.com/repos//actions/secrets/public-key {"message":"Not Found","documentation_url":"https://docs.github.com/rest"}
[info] 
[info] 
[error] !  The provided authorization cannot be used with this repository. If this repository is in an organization, did you remember to grant access? 
[info] 
[info] i  Action required: Visit this URL to ensure access has been granted to the appropriate organization(s) for the Firebase CLI GitHub OAuth App: 
[info] https://github.com/settings/connections/applications/89cf50f02ac6aaed3484
[info] 
